<?xml version="1.0" encoding="UTF-8"?>
<testsuite xmlns:xsi="http://www.w3.org/2001/XMLSchema-instance" xsi:noNamespaceSchemaLocation="https://maven.apache.org/surefire/maven-surefire-plugin/xsd/surefire-test-report.xsd" name="domain.services.AuthServiceTest" time="0" tests="3" errors="0" skipped="0" failures="0">
  <properties>
[...]
</properties>
  <testcase name="authenticate_withUnknownUser_throws" classname="domain.services.AuthServiceTest" time="0"/>
  <testcase name="authenticate_withWrongPassword_throws" classname="domain.services.AuthServiceTest" time="0"/>
  <testcase name="authenticate_withValidCredentials_returnsUser" classname="domain.services.AuthServiceTest" time="0"/>
</testsuite>